# JRE version: OpenJDK Runtime Environment (11.0.11+9) (build 11.0.11+9-b60-7590822)
# Java VM: OpenJDK 64-Bit Server VM (11.0.11+9-b60-7590822, mixed mode, tiered, compressed oops, g1 gc, windows-amd64)
Heap:
 garbage-first heap   total 473088K, used 361135K [0x0000000080000000, 0x0000000100000000)
  region size 1024K, 24 young (24576K), 2 survivors (2048K)
 Metaspace       used 121591K, capacity 125217K, committed 125516K, reserved 1159168K
  class space    used 15112K, capacity 16402K, committed 16460K, reserved 1048576K
GC Heap History (20 events):
Event: 15.528 GC heap before
{Heap before GC invocations=37 (full 0):
 garbage-first heap   total 310272K, used 253446K [0x0000000080000000, 0x0000000100000000)
  region size 1024K, 74 young (75776K), 2 survivors (2048K)
 Metaspace       used 118268K, capacity 121590K, committed 121676K, reserved 1155072K
  class space    used 14691K, capacity 15899K, committed 15948K, reserved 1048576K
}
Event: 15.538 GC heap after
{Heap after GC invocations=38 (full 0):
 garbage-first heap   total 310272K, used 206676K [0x0000000080000000, 0x0000000100000000)
  region size 1024K, 10 young (10240K), 10 survivors (10240K)
 Metaspace       used 118268K, capacity 121590K, committed 121676K, reserved 1155072K
  class space    used 14691K, capacity 15899K, committed 15948K, reserved 1048576K
}
Event: 15.617 GC heap before
{Heap before GC invocations=38 (full 0):
 garbage-first heap   total 310272K, used 244564K [0x0000000080000000, 0x0000000100000000)
  region size 1024K, 47 young (48128K), 10 survivors (10240K)
 Metaspace       used 118456K, capacity 121815K, committed 121932K, reserved 1155072K
  class space    used 14704K, capacity 15931K, committed 15948K, reserved 1048576K
}
Event: 15.633 GC heap after
{Heap after GC invocations=39 (full 0):
 garbage-first heap   total 310272K, used 231109K [0x0000000080000000, 0x0000000100000000)
  region size 1024K, 6 young (6144K), 6 survivors (6144K)
 Metaspace       used 118456K, capacity 121815K, committed 121932K, reserved 1155072K
  class space    used 14704K, capacity 15931K, committed 15948K, reserved 1048576K
}
Event: 15.759 GC heap before
{Heap before GC invocations=39 (full 0):
 garbage-first heap   total 310272K, used 251589K [0x0000000080000000, 0x0000000100000000)
  region size 1024K, 26 young (26624K), 6 survivors (6144K)
 Metaspace       used 119100K, capacity 122410K, committed 122572K, reserved 1155072K
  class space    used 14766K, capacity 15976K, committed 16076K, reserved 1048576K
}
Event: 15.765 GC heap after
{Heap after GC invocations=40 (full 0):
 garbage-first heap   total 310272K, used 241152K [0x0000000080000000, 0x0000000100000000)
  region size 1024K, 4 young (4096K), 4 survivors (4096K)
 Metaspace       used 119100K, capacity 122410K, committed 122572K, reserved 1155072K
  class space    used 14766K, capacity 15976K, committed 16076K, reserved 1048576K
}
Event: 15.794 GC heap before
{Heap before GC invocations=40 (full 0):
 garbage-first heap   total 310272K, used 255488K [0x0000000080000000, 0x0000000100000000)
  region size 1024K, 19 young (19456K), 4 survivors (4096K)
 Metaspace       used 119100K, capacity 122410K, committed 122572K, reserved 1155072K
  class space    used 14766K, capacity 15976K, committed 16076K, reserved 1048576K
}
Event: 15.802 GC heap after
{Heap after GC invocations=41 (full 0):
 garbage-first heap   total 375808K, used 257024K [0x0000000080000000, 0x0000000100000000)
  region size 1024K, 3 young (3072K), 3 survivors (3072K)
 Metaspace       used 119100K, capacity 122410K, committed 122572K, reserved 1155072K
  class space    used 14766K, capacity 15976K, committed 16076K, reserved 1048576K
}
Event: 15.854 GC heap before
{Heap before GC invocations=41 (full 0):
 garbage-first heap   total 375808K, used 285696K [0x0000000080000000, 0x0000000100000000)
  region size 1024K, 31 young (31744K), 3 survivors (3072K)
 Metaspace       used 119110K, capacity 122474K, committed 122828K, reserved 1157120K
  class space    used 14766K, capacity 15976K, committed 16076K, reserved 1048576K
}
Event: 15.866 GC heap after
{Heap after GC invocations=42 (full 0):
 garbage-first heap   total 375808K, used 284411K [0x0000000080000000, 0x0000000100000000)
  region size 1024K, 4 young (4096K), 4 survivors (4096K)
 Metaspace       used 119110K, capacity 122474K, committed 122828K, reserved 1157120K
  class space    used 14766K, capacity 15976K, committed 16076K, reserved 1048576K
}
Event: 15.928 GC heap before
{Heap before GC invocations=42 (full 0):
 garbage-first heap   total 375808K, used 301819K [0x0000000080000000, 0x0000000100000000)
  region size 1024K, 22 young (22528K), 4 survivors (4096K)
 Metaspace       used 119208K, capacity 122544K, committed 122828K, reserved 1157120K
  class space    used 14768K, capacity 15976K, committed 16076K, reserved 1048576K
}
Event: 15.933 GC heap after
{Heap after GC invocations=43 (full 0):
 garbage-first heap   total 375808K, used 297472K [0x0000000080000000, 0x0000000100000000)
  region size 1024K, 3 young (3072K), 3 survivors (3072K)
 Metaspace       used 119208K, capacity 122544K, committed 122828K, reserved 1157120K
  class space    used 14768K, capacity 15976K, committed 16076K, reserved 1048576K
}
Event: 15.970 GC heap before
{Heap before GC invocations=43 (full 0):
 garbage-first heap   total 375808K, used 312832K [0x0000000080000000, 0x0000000100000000)
  region size 1024K, 18 young (18432K), 3 survivors (3072K)
 Metaspace       used 119208K, capacity 122544K, committed 122828K, reserved 1157120K
  class space    used 14768K, capacity 15976K, committed 16076K, reserved 1048576K
}
Event: 15.976 GC heap after
{Heap after GC invocations=44 (full 0):
 garbage-first heap   total 375808K, used 313344K [0x0000000080000000, 0x0000000100000000)
  region size 1024K, 3 young (3072K), 3 survivors (3072K)
 Metaspace       used 119208K, capacity 122544K, committed 122828K, reserved 1157120K
  class space    used 14768K, capacity 15976K, committed 16076K, reserved 1048576K
}
Event: 15.994 GC heap before
{Heap before GC invocations=44 (full 0):
 garbage-first heap   total 375808K, used 328704K [0x0000000080000000, 0x0000000100000000)
  region size 1024K, 18 young (18432K), 3 survivors (3072K)
 Metaspace       used 119208K, capacity 122544K, committed 122828K, reserved 1157120K
  class space    used 14768K, capacity 15976K, committed 16076K, reserved 1048576K
}
Event: 16.001 GC heap after
{Heap after GC invocations=45 (full 0):
 garbage-first heap   total 375808K, used 329433K [0x0000000080000000, 0x0000000100000000)
  region size 1024K, 3 young (3072K), 3 survivors (3072K)
 Metaspace       used 119208K, capacity 122544K, committed 122828K, reserved 1157120K
  class space    used 14768K, capacity 15976K, committed 16076K, reserved 1048576K
}
Event: 16.038 GC heap before
{Heap before GC invocations=45 (full 0):
 garbage-first heap   total 375808K, used 344793K [0x0000000080000000, 0x0000000100000000)
  region size 1024K, 18 young (18432K), 3 survivors (3072K)
 Metaspace       used 119209K, capacity 122544K, committed 122828K, reserved 1157120K
  class space    used 14768K, capacity 15976K, committed 16076K, reserved 1048576K
}
Event: 16.047 GC heap after
{Heap after GC invocations=46 (full 0):
 garbage-first heap   total 473088K, used 339968K [0x0000000080000000, 0x0000000100000000)
  region size 1024K, 3 young (3072K), 3 survivors (3072K)
 Metaspace       used 119209K, capacity 122544K, committed 122828K, reserved 1157120K
  class space    used 14768K, capacity 15976K, committed 16076K, reserved 1048576K
}
Event: 16.394 GC heap before
{Heap before GC invocations=47 (full 0):
 garbage-first heap   total 473088K, used 366592K [0x0000000080000000, 0x0000000100000000)
  region size 1024K, 30 young (30720K), 3 survivors (3072K)
 Metaspace       used 120077K, capacity 123396K, committed 123596K, reserved 1157120K
  class space    used 14872K, capacity 16071K, committed 16076K, reserved 1048576K
}
Event: 16.399 GC heap after
{Heap after GC invocations=48 (full 0):
 garbage-first heap   total 473088K, used 339631K [0x0000000080000000, 0x0000000100000000)
  region size 1024K, 2 young (2048K), 2 survivors (2048K)
 Metaspace       used 120077K, capacity 123396K, committed 123596K, reserved 1157120K
  class space    used 14872K, capacity 16071K, committed 16076K, reserved 1048576K
}

