# JRE version: OpenJDK Runtime Environment (11.0.11+9) (build 11.0.11+9-b60-7590822)
# Java VM: OpenJDK 64-Bit Server VM (11.0.11+9-b60-7590822, mixed mode, tiered, compressed oops, g1 gc, windows-amd64)
Heap:
 garbage-first heap   total 258048K, used 168060K [0x0000000080000000, 0x0000000100000000)
  region size 1024K, 33 young (33792K), 10 survivors (10240K)
 Metaspace       used 103233K, capacity 106403K, committed 106520K, reserved 1140736K
  class space    used 13165K, capacity 14317K, committed 14360K, reserved 1048576K
GC Heap History (20 events):
Event: 7.690 GC heap before
{Heap before GC invocations=10 (full 0):
 garbage-first heap   total 258048K, used 157788K [0x0000000080000000, 0x0000000100000000)
  region size 1024K, 104 young (106496K), 4 survivors (4096K)
 Metaspace       used 68279K, capacity 69899K, committed 70168K, reserved 1110016K
  class space    used 8618K, capacity 9181K, committed 9240K, reserved 1048576K
}
Event: 7.697 GC heap after
{Heap after GC invocations=11 (full 0):
 garbage-first heap   total 258048K, used 61577K [0x0000000080000000, 0x0000000100000000)
  region size 1024K, 10 young (10240K), 10 survivors (10240K)
 Metaspace       used 68279K, capacity 69899K, committed 70168K, reserved 1110016K
  class space    used 8618K, capacity 9181K, committed 9240K, reserved 1048576K
}
Event: 8.521 GC heap before
{Heap before GC invocations=12 (full 0):
 garbage-first heap   total 258048K, used 167049K [0x0000000080000000, 0x0000000100000000)
  region size 1024K, 113 young (115712K), 10 survivors (10240K)
 Metaspace       used 74695K, capacity 76587K, committed 76696K, reserved 1116160K
  class space    used 9602K, capacity 10294K, committed 10392K, reserved 1048576K
}
Event: 8.532 GC heap after
{Heap after GC invocations=13 (full 0):
 garbage-first heap   total 258048K, used 70020K [0x0000000080000000, 0x0000000100000000)
  region size 1024K, 15 young (15360K), 15 survivors (15360K)
 Metaspace       used 74695K, capacity 76587K, committed 76696K, reserved 1116160K
  class space    used 9602K, capacity 10294K, committed 10392K, reserved 1048576K
}
Event: 9.552 GC heap before
{Heap before GC invocations=13 (full 0):
 garbage-first heap   total 258048K, used 175492K [0x0000000080000000, 0x0000000100000000)
  region size 1024K, 118 young (120832K), 15 survivors (15360K)
 Metaspace       used 80358K, capacity 82626K, committed 82840K, reserved 1120256K
  class space    used 10345K, capacity 11151K, committed 11160K, reserved 1048576K
}
Event: 9.569 GC heap after
{Heap after GC invocations=14 (full 0):
 garbage-first heap   total 258048K, used 84605K [0x0000000080000000, 0x0000000100000000)
  region size 1024K, 14 young (14336K), 14 survivors (14336K)
 Metaspace       used 80358K, capacity 82626K, committed 82840K, reserved 1120256K
  class space    used 10345K, capacity 11151K, committed 11160K, reserved 1048576K
}
Event: 10.634 GC heap before
{Heap before GC invocations=14 (full 0):
 garbage-first heap   total 258048K, used 183933K [0x0000000080000000, 0x0000000100000000)
  region size 1024K, 111 young (113664K), 14 survivors (14336K)
 Metaspace       used 86546K, capacity 88982K, committed 89240K, reserved 1126400K
  class space    used 11178K, capacity 12072K, committed 12184K, reserved 1048576K
}
Event: 10.651 GC heap after
{Heap after GC invocations=15 (full 0):
 garbage-first heap   total 258048K, used 97582K [0x0000000080000000, 0x0000000100000000)
  region size 1024K, 13 young (13312K), 13 survivors (13312K)
 Metaspace       used 86546K, capacity 88982K, committed 89240K, reserved 1126400K
  class space    used 11178K, capacity 12072K, committed 12184K, reserved 1048576K
}
Event: 11.465 GC heap before
{Heap before GC invocations=15 (full 0):
 garbage-first heap   total 258048K, used 190766K [0x0000000080000000, 0x0000000100000000)
  region size 1024K, 104 young (106496K), 13 survivors (13312K)
 Metaspace       used 89246K, capacity 91903K, committed 92056K, reserved 1128448K
  class space    used 11473K, capacity 12405K, committed 12440K, reserved 1048576K
}
Event: 11.483 GC heap after
{Heap after GC invocations=16 (full 0):
 garbage-first heap   total 258048K, used 115328K [0x0000000080000000, 0x0000000100000000)
  region size 1024K, 13 young (13312K), 13 survivors (13312K)
 Metaspace       used 89246K, capacity 91903K, committed 92056K, reserved 1128448K
  class space    used 11473K, capacity 12405K, committed 12440K, reserved 1048576K
}
Event: 12.600 GC heap before
{Heap before GC invocations=16 (full 0):
 garbage-first heap   total 258048K, used 194176K [0x0000000080000000, 0x0000000100000000)
  region size 1024K, 91 young (93184K), 13 survivors (13312K)
 Metaspace       used 93603K, capacity 96543K, committed 96792K, reserved 1132544K
  class space    used 12012K, capacity 13062K, committed 13080K, reserved 1048576K
}
Event: 12.615 GC heap after
{Heap after GC invocations=17 (full 0):
 garbage-first heap   total 258048K, used 127631K [0x0000000080000000, 0x0000000100000000)
  region size 1024K, 11 young (11264K), 11 survivors (11264K)
 Metaspace       used 93603K, capacity 96543K, committed 96792K, reserved 1132544K
  class space    used 12012K, capacity 13062K, committed 13080K, reserved 1048576K
}
Event: 12.883 GC heap before
{Heap before GC invocations=17 (full 0):
 garbage-first heap   total 258048K, used 199311K [0x0000000080000000, 0x0000000100000000)
  region size 1024K, 82 young (83968K), 11 survivors (11264K)
 Metaspace       used 93978K, capacity 96939K, committed 97048K, reserved 1132544K
  class space    used 12023K, capacity 13077K, committed 13080K, reserved 1048576K
}
Event: 12.891 GC heap after
{Heap after GC invocations=18 (full 0):
 garbage-first heap   total 258048K, used 132893K [0x0000000080000000, 0x0000000100000000)
  region size 1024K, 7 young (7168K), 7 survivors (7168K)
 Metaspace       used 93978K, capacity 96939K, committed 97048K, reserved 1132544K
  class space    used 12023K, capacity 13077K, committed 13080K, reserved 1048576K
}
Event: 13.367 GC heap before
{Heap before GC invocations=19 (full 0):
 garbage-first heap   total 258048K, used 203549K [0x0000000080000000, 0x0000000100000000)
  region size 1024K, 77 young (78848K), 7 survivors (7168K)
 Metaspace       used 95934K, capacity 98900K, committed 99224K, reserved 1134592K
  class space    used 12283K, capacity 13345K, committed 13464K, reserved 1048576K
}
Event: 13.375 GC heap after
{Heap after GC invocations=20 (full 0):
 garbage-first heap   total 258048K, used 136487K [0x0000000080000000, 0x0000000100000000)
  region size 1024K, 6 young (6144K), 6 survivors (6144K)
 Metaspace       used 95934K, capacity 98900K, committed 99224K, reserved 1134592K
  class space    used 12283K, capacity 13345K, committed 13464K, reserved 1048576K
}
Event: 13.947 GC heap before
{Heap before GC invocations=20 (full 0):
 garbage-first heap   total 258048K, used 207143K [0x0000000080000000, 0x0000000100000000)
  region size 1024K, 75 young (76800K), 6 survivors (6144K)
 Metaspace       used 100311K, capacity 103292K, committed 103576K, reserved 1138688K
  class space    used 12805K, capacity 13845K, committed 13976K, reserved 1048576K
}
Event: 13.955 GC heap after
{Heap after GC invocations=21 (full 0):
 garbage-first heap   total 258048K, used 141220K [0x0000000080000000, 0x0000000100000000)
  region size 1024K, 6 young (6144K), 6 survivors (6144K)
 Metaspace       used 100311K, capacity 103292K, committed 103576K, reserved 1138688K
  class space    used 12805K, capacity 13845K, committed 13976K, reserved 1048576K
}
Event: 15.040 GC heap before
{Heap before GC invocations=22 (full 0):
 garbage-first heap   total 258048K, used 208804K [0x0000000080000000, 0x0000000100000000)
  region size 1024K, 73 young (74752K), 6 survivors (6144K)
 Metaspace       used 102308K, capacity 105303K, committed 105624K, reserved 1140736K
  class space    used 13015K, capacity 14098K, committed 14232K, reserved 1048576K
}
Event: 15.047 GC heap after
{Heap after GC invocations=23 (full 0):
 garbage-first heap   total 258048K, used 145532K [0x0000000080000000, 0x0000000100000000)
  region size 1024K, 10 young (10240K), 10 survivors (10240K)
 Metaspace       used 102308K, capacity 105303K, committed 105624K, reserved 1140736K
  class space    used 13015K, capacity 14098K, committed 14232K, reserved 1048576K
}

