# JRE version: OpenJDK Runtime Environment (11.0.11+9) (build 11.0.11+9-b60-7590822)
# Java VM: OpenJDK 64-Bit Server VM (11.0.11+9-b60-7590822, mixed mode, tiered, compressed oops, g1 gc, windows-amd64)
Heap:
 garbage-first heap   total 481280K, used 285696K [0x0000000080000000, 0x0000000100000000)
  region size 1024K, 2 young (2048K), 2 survivors (2048K)
 Metaspace       used 128242K, capacity 132304K, committed 132428K, reserved 1165312K
  class space    used 15764K, capacity 17224K, committed 17228K, reserved 1048576K
GC Heap History (20 events):
Event: 647.452 GC heap after
{Heap after GC invocations=53 (full 0):
 garbage-first heap   total 258048K, used 209218K [0x0000000080000000, 0x0000000100000000)
  region size 1024K, 2 young (2048K), 2 survivors (2048K)
 Metaspace       used 127335K, capacity 131351K, committed 131660K, reserved 1163264K
  class space    used 15690K, capacity 17147K, committed 17228K, reserved 1048576K
}
Event: 647.479 GC heap before
{Heap before GC invocations=53 (full 0):
 garbage-first heap   total 258048K, used 219458K [0x0000000080000000, 0x0000000100000000)
  region size 1024K, 12 young (12288K), 2 survivors (2048K)
 Metaspace       used 127337K, capacity 131351K, committed 131660K, reserved 1163264K
  class space    used 15690K, capacity 17147K, committed 17228K, reserved 1048576K
}
Event: 647.486 GC heap after
{Heap after GC invocations=54 (full 0):
 garbage-first heap   total 258048K, used 217828K [0x0000000080000000, 0x0000000100000000)
  region size 1024K, 2 young (2048K), 2 survivors (2048K)
 Metaspace       used 127337K, capacity 131351K, committed 131660K, reserved 1163264K
  class space    used 15690K, capacity 17147K, committed 17228K, reserved 1048576K
}
Event: 647.500 GC heap before
{Heap before GC invocations=54 (full 0):
 garbage-first heap   total 258048K, used 228068K [0x0000000080000000, 0x0000000100000000)
  region size 1024K, 12 young (12288K), 2 survivors (2048K)
 Metaspace       used 127337K, capacity 131351K, committed 131660K, reserved 1163264K
  class space    used 15690K, capacity 17147K, committed 17228K, reserved 1048576K
}
Event: 647.505 GC heap after
{Heap after GC invocations=55 (full 0):
 garbage-first heap   total 258048K, used 225883K [0x0000000080000000, 0x0000000100000000)
  region size 1024K, 2 young (2048K), 2 survivors (2048K)
 Metaspace       used 127337K, capacity 131351K, committed 131660K, reserved 1163264K
  class space    used 15690K, capacity 17147K, committed 17228K, reserved 1048576K
}
Event: 647.524 GC heap before
{Heap before GC invocations=55 (full 0):
 garbage-first heap   total 258048K, used 236123K [0x0000000080000000, 0x0000000100000000)
  region size 1024K, 12 young (12288K), 2 survivors (2048K)
 Metaspace       used 127337K, capacity 131351K, committed 131660K, reserved 1163264K
  class space    used 15690K, capacity 17147K, committed 17228K, reserved 1048576K
}
Event: 647.530 GC heap after
{Heap after GC invocations=56 (full 0):
 garbage-first heap   total 258048K, used 233659K [0x0000000080000000, 0x0000000100000000)
  region size 1024K, 2 young (2048K), 2 survivors (2048K)
 Metaspace       used 127337K, capacity 131351K, committed 131660K, reserved 1163264K
  class space    used 15690K, capacity 17147K, committed 17228K, reserved 1048576K
}
Event: 647.799 GC heap before
{Heap before GC invocations=56 (full 0):
 garbage-first heap   total 258048K, used 242875K [0x0000000080000000, 0x0000000100000000)
  region size 1024K, 12 young (12288K), 2 survivors (2048K)
 Metaspace       used 127834K, capacity 131882K, committed 131916K, reserved 1163264K
  class space    used 15740K, capacity 17216K, committed 17228K, reserved 1048576K
}
Event: 647.802 GC heap after
{Heap after GC invocations=57 (full 0):
 garbage-first heap   total 258048K, used 236143K [0x0000000080000000, 0x0000000100000000)
  region size 1024K, 2 young (2048K), 2 survivors (2048K)
 Metaspace       used 127834K, capacity 131882K, committed 131916K, reserved 1163264K
  class space    used 15740K, capacity 17216K, committed 17228K, reserved 1048576K
}
Event: 647.884 GC heap before
{Heap before GC invocations=58 (full 0):
 garbage-first heap   total 258048K, used 246383K [0x0000000080000000, 0x0000000100000000)
  region size 1024K, 12 young (12288K), 2 survivors (2048K)
 Metaspace       used 128172K, capacity 132235K, committed 132428K, reserved 1165312K
  class space    used 15764K, capacity 17224K, committed 17228K, reserved 1048576K
}
Event: 647.887 GC heap after
{Heap after GC invocations=59 (full 0):
 garbage-first heap   total 258048K, used 239004K [0x0000000080000000, 0x0000000100000000)
  region size 1024K, 2 young (2048K), 2 survivors (2048K)
 Metaspace       used 128172K, capacity 132235K, committed 132428K, reserved 1165312K
  class space    used 15764K, capacity 17224K, committed 17228K, reserved 1048576K
}
Event: 647.912 GC heap before
{Heap before GC invocations=59 (full 0):
 garbage-first heap   total 258048K, used 248220K [0x0000000080000000, 0x0000000100000000)
  region size 1024K, 12 young (12288K), 2 survivors (2048K)
 Metaspace       used 128172K, capacity 132235K, committed 132428K, reserved 1165312K
  class space    used 15764K, capacity 17224K, committed 17228K, reserved 1048576K
}
Event: 647.927 GC heap after
{Heap after GC invocations=60 (full 0):
 garbage-first heap   total 267264K, used 243704K [0x0000000080000000, 0x0000000100000000)
  region size 1024K, 2 young (2048K), 2 survivors (2048K)
 Metaspace       used 128172K, capacity 132235K, committed 132428K, reserved 1165312K
  class space    used 15764K, capacity 17224K, committed 17228K, reserved 1048576K
}
Event: 647.950 GC heap before
{Heap before GC invocations=60 (full 0):
 garbage-first heap   total 267264K, used 253944K [0x0000000080000000, 0x0000000100000000)
  region size 1024K, 13 young (13312K), 2 survivors (2048K)
 Metaspace       used 128172K, capacity 132235K, committed 132428K, reserved 1165312K
  class space    used 15764K, capacity 17224K, committed 17228K, reserved 1048576K
}
Event: 647.955 GC heap after
{Heap after GC invocations=61 (full 0):
 garbage-first heap   total 269312K, used 256000K [0x0000000080000000, 0x0000000100000000)
  region size 1024K, 2 young (2048K), 2 survivors (2048K)
 Metaspace       used 128172K, capacity 132235K, committed 132428K, reserved 1165312K
  class space    used 15764K, capacity 17224K, committed 17228K, reserved 1048576K
}
Event: 647.970 GC heap before
{Heap before GC invocations=61 (full 0):
 garbage-first heap   total 269312K, used 267264K [0x0000000080000000, 0x0000000100000000)
  region size 1024K, 13 young (13312K), 2 survivors (2048K)
 Metaspace       used 128172K, capacity 132235K, committed 132428K, reserved 1165312K
  class space    used 15764K, capacity 17224K, committed 17228K, reserved 1048576K
}
Event: 647.976 GC heap after
{Heap after GC invocations=62 (full 0):
 garbage-first heap   total 281600K, used 268288K [0x0000000080000000, 0x0000000100000000)
  region size 1024K, 2 young (2048K), 2 survivors (2048K)
 Metaspace       used 128172K, capacity 132235K, committed 132428K, reserved 1165312K
  class space    used 15764K, capacity 17224K, committed 17228K, reserved 1048576K
}
Event: 647.998 GC heap before
{Heap before GC invocations=62 (full 0):
 garbage-first heap   total 281600K, used 279552K [0x0000000080000000, 0x0000000100000000)
  region size 1024K, 13 young (13312K), 2 survivors (2048K)
 Metaspace       used 128172K, capacity 132235K, committed 132428K, reserved 1165312K
  class space    used 15764K, capacity 17224K, committed 17228K, reserved 1048576K
}
Event: 648.005 GC heap after
{Heap after GC invocations=63 (full 0):
 garbage-first heap   total 293888K, used 280576K [0x0000000080000000, 0x0000000100000000)
  region size 1024K, 2 young (2048K), 2 survivors (2048K)
 Metaspace       used 128172K, capacity 132235K, committed 132428K, reserved 1165312K
  class space    used 15764K, capacity 17224K, committed 17228K, reserved 1048576K
}
Event: 648.076 GC heap before
{Heap before GC invocations=63 (full 0):
 garbage-first heap   total 293888K, used 292864K [0x0000000080000000, 0x0000000100000000)
  region size 1024K, 14 young (14336K), 2 survivors (2048K)
 Metaspace       used 128242K, capacity 132304K, committed 132428K, reserved 1165312K
  class space    used 15764K, capacity 17224K, committed 17228K, reserved 1048576K
}

