# JRE version: OpenJDK Runtime Environment (11.0.11+9) (build 11.0.11+9-b60-7590822)
# Java VM: OpenJDK 64-Bit Server VM (11.0.11+9-b60-7590822, mixed mode, tiered, compressed oops, g1 gc, windows-amd64)
Heap:
 garbage-first heap   total 557056K, used 337809K [0x0000000080000000, 0x0000000100000000)
  region size 1024K, 2 young (2048K), 2 survivors (2048K)
 Metaspace       used 122095K, capacity 125786K, committed 125900K, reserved 1159168K
  class space    used 15211K, capacity 16523K, committed 16588K, reserved 1048576K
GC Heap History (20 events):
Event: 22.344 GC heap after
{Heap after GC invocations=36 (full 0):
 garbage-first heap   total 310272K, used 234496K [0x0000000080000000, 0x0000000100000000)
  region size 1024K, 5 young (5120K), 5 survivors (5120K)
 Metaspace       used 121794K, capacity 125441K, committed 125644K, reserved 1159168K
  class space    used 15202K, capacity 16520K, committed 16588K, reserved 1048576K
}
Event: 22.411 GC heap before
{Heap before GC invocations=36 (full 0):
 garbage-first heap   total 310272K, used 257024K [0x0000000080000000, 0x0000000100000000)
  region size 1024K, 27 young (27648K), 5 survivors (5120K)
 Metaspace       used 121794K, capacity 125441K, committed 125644K, reserved 1159168K
  class space    used 15202K, capacity 16520K, committed 16588K, reserved 1048576K
}
Event: 22.419 GC heap after
{Heap after GC invocations=37 (full 0):
 garbage-first heap   total 310272K, used 258048K [0x0000000080000000, 0x0000000100000000)
  region size 1024K, 4 young (4096K), 4 survivors (4096K)
 Metaspace       used 121794K, capacity 125441K, committed 125644K, reserved 1159168K
  class space    used 15202K, capacity 16520K, committed 16588K, reserved 1048576K
}
Event: 22.437 GC heap before
{Heap before GC invocations=37 (full 0):
 garbage-first heap   total 310272K, used 269312K [0x0000000080000000, 0x0000000100000000)
  region size 1024K, 15 young (15360K), 4 survivors (4096K)
 Metaspace       used 121794K, capacity 125441K, committed 125644K, reserved 1159168K
  class space    used 15202K, capacity 16520K, committed 16588K, reserved 1048576K
}
Event: 22.444 GC heap after
{Heap after GC invocations=38 (full 0):
 garbage-first heap   total 310272K, used 270336K [0x0000000080000000, 0x0000000100000000)
  region size 1024K, 2 young (2048K), 2 survivors (2048K)
 Metaspace       used 121794K, capacity 125441K, committed 125644K, reserved 1159168K
  class space    used 15202K, capacity 16520K, committed 16588K, reserved 1048576K
}
Event: 22.470 GC heap before
{Heap before GC invocations=38 (full 0):
 garbage-first heap   total 310272K, used 283648K [0x0000000080000000, 0x0000000100000000)
  region size 1024K, 15 young (15360K), 2 survivors (2048K)
 Metaspace       used 121804K, capacity 125441K, committed 125644K, reserved 1159168K
  class space    used 15202K, capacity 16520K, committed 16588K, reserved 1048576K
}
Event: 22.477 GC heap after
{Heap after GC invocations=39 (full 0):
 garbage-first heap   total 310272K, used 282346K [0x0000000080000000, 0x0000000100000000)
  region size 1024K, 2 young (2048K), 2 survivors (2048K)
 Metaspace       used 121804K, capacity 125441K, committed 125644K, reserved 1159168K
  class space    used 15202K, capacity 16520K, committed 16588K, reserved 1048576K
}
Event: 22.539 GC heap before
{Heap before GC invocations=39 (full 0):
 garbage-first heap   total 310272K, used 295658K [0x0000000080000000, 0x0000000100000000)
  region size 1024K, 15 young (15360K), 2 survivors (2048K)
 Metaspace       used 121896K, capacity 125576K, committed 125644K, reserved 1159168K
  class space    used 15204K, capacity 16520K, committed 16588K, reserved 1048576K
}
Event: 22.543 GC heap after
{Heap after GC invocations=40 (full 0):
 garbage-first heap   total 310272K, used 290092K [0x0000000080000000, 0x0000000100000000)
  region size 1024K, 2 young (2048K), 2 survivors (2048K)
 Metaspace       used 121896K, capacity 125576K, committed 125644K, reserved 1159168K
  class space    used 15204K, capacity 16520K, committed 16588K, reserved 1048576K
}
Event: 22.585 GC heap before
{Heap before GC invocations=40 (full 0):
 garbage-first heap   total 310272K, used 303404K [0x0000000080000000, 0x0000000100000000)
  region size 1024K, 15 young (15360K), 2 survivors (2048K)
 Metaspace       used 121896K, capacity 125576K, committed 125644K, reserved 1159168K
  class space    used 15204K, capacity 16520K, committed 16588K, reserved 1048576K
}
Event: 22.590 GC heap after
{Heap after GC invocations=41 (full 0):
 garbage-first heap   total 320512K, used 304332K [0x0000000080000000, 0x0000000100000000)
  region size 1024K, 2 young (2048K), 2 survivors (2048K)
 Metaspace       used 121896K, capacity 125576K, committed 125644K, reserved 1159168K
  class space    used 15204K, capacity 16520K, committed 16588K, reserved 1048576K
}
Event: 22.610 GC heap before
{Heap before GC invocations=41 (full 0):
 garbage-first heap   total 320512K, used 317644K [0x0000000080000000, 0x0000000100000000)
  region size 1024K, 15 young (15360K), 2 survivors (2048K)
 Metaspace       used 121896K, capacity 125576K, committed 125644K, reserved 1159168K
  class space    used 15204K, capacity 16520K, committed 16588K, reserved 1048576K
}
Event: 22.619 GC heap after
{Heap after GC invocations=42 (full 0):
 garbage-first heap   total 331776K, used 316275K [0x0000000080000000, 0x0000000100000000)
  region size 1024K, 2 young (2048K), 2 survivors (2048K)
 Metaspace       used 121896K, capacity 125576K, committed 125644K, reserved 1159168K
  class space    used 15204K, capacity 16520K, committed 16588K, reserved 1048576K
}
Event: 22.638 GC heap before
{Heap before GC invocations=42 (full 0):
 garbage-first heap   total 331776K, used 330611K [0x0000000080000000, 0x0000000100000000)
  region size 1024K, 16 young (16384K), 2 survivors (2048K)
 Metaspace       used 121896K, capacity 125576K, committed 125644K, reserved 1159168K
  class space    used 15204K, capacity 16520K, committed 16588K, reserved 1048576K
}
Event: 22.649 GC heap after
{Heap after GC invocations=43 (full 0):
 garbage-first heap   total 344064K, used 327474K [0x0000000080000000, 0x0000000100000000)
  region size 1024K, 2 young (2048K), 2 survivors (2048K)
 Metaspace       used 121896K, capacity 125576K, committed 125644K, reserved 1159168K
  class space    used 15204K, capacity 16520K, committed 16588K, reserved 1048576K
}
Event: 22.684 GC heap before
{Heap before GC invocations=43 (full 0):
 garbage-first heap   total 344064K, used 341810K [0x0000000080000000, 0x0000000100000000)
  region size 1024K, 16 young (16384K), 2 survivors (2048K)
 Metaspace       used 121897K, capacity 125576K, committed 125644K, reserved 1159168K
  class space    used 15204K, capacity 16520K, committed 16588K, reserved 1048576K
}
Event: 22.691 GC heap after
{Heap after GC invocations=44 (full 0):
 garbage-first heap   total 353280K, used 336896K [0x0000000080000000, 0x0000000100000000)
  region size 1024K, 2 young (2048K), 2 survivors (2048K)
 Metaspace       used 121897K, capacity 125576K, committed 125644K, reserved 1159168K
  class space    used 15204K, capacity 16520K, committed 16588K, reserved 1048576K
}
Event: 22.832 GC heap before
{Heap before GC invocations=45 (full 0):
 garbage-first heap   total 353280K, used 352256K [0x0000000080000000, 0x0000000100000000)
  region size 1024K, 17 young (17408K), 2 survivors (2048K)
 Metaspace       used 122044K, capacity 125652K, committed 125900K, reserved 1159168K
  class space    used 15210K, capacity 16521K, committed 16588K, reserved 1048576K
}
Event: 22.836 GC heap after
{Heap after GC invocations=46 (full 0):
 garbage-first heap   total 357376K, used 337201K [0x0000000080000000, 0x0000000100000000)
  region size 1024K, 2 young (2048K), 2 survivors (2048K)
 Metaspace       used 122044K, capacity 125652K, committed 125900K, reserved 1159168K
  class space    used 15210K, capacity 16521K, committed 16588K, reserved 1048576K
}
Event: 23.020 GC heap before
{Heap before GC invocations=46 (full 0):
 garbage-first heap   total 357376K, used 352561K [0x0000000080000000, 0x0000000100000000)
  region size 1024K, 17 young (17408K), 2 survivors (2048K)
 Metaspace       used 122095K, capacity 125786K, committed 125900K, reserved 1159168K
  class space    used 15211K, capacity 16523K, committed 16588K, reserved 1048576K
}

