# JRE version: OpenJDK Runtime Environment (11.0.11+9) (build 11.0.11+9-b60-7590822)
# Java VM: OpenJDK 64-Bit Server VM (11.0.11+9-b60-7590822, mixed mode, tiered, compressed oops, g1 gc, windows-amd64)
Heap:
 garbage-first heap   total 372736K, used 213535K [0x0000000080000000, 0x0000000100000000)
  region size 1024K, 5 young (5120K), 5 survivors (5120K)
 Metaspace       used 116619K, capacity 120409K, committed 120688K, reserved 1155072K
  class space    used 14823K, capacity 16092K, committed 16168K, reserved 1048576K
GC Heap History (20 events):
Event: 12.765 GC heap after
{Heap after GC invocations=29 (full 0):
 garbage-first heap   total 258048K, used 191720K [0x0000000080000000, 0x0000000100000000)
  region size 1024K, 5 young (5120K), 5 survivors (5120K)
 Metaspace       used 106417K, capacity 109777K, committed 110448K, reserved 1144832K
  class space    used 13505K, capacity 14606K, committed 14888K, reserved 1048576K
}
Event: 12.928 GC heap before
{Heap before GC invocations=30 (full 0):
 garbage-first heap   total 258048K, used 219368K [0x0000000080000000, 0x0000000100000000)
  region size 1024K, 33 young (33792K), 5 survivors (5120K)
 Metaspace       used 106625K, capacity 109937K, committed 110704K, reserved 1144832K
  class space    used 13514K, capacity 14612K, committed 14888K, reserved 1048576K
}
Event: 12.933 GC heap after
{Heap after GC invocations=31 (full 0):
 garbage-first heap   total 258048K, used 193530K [0x0000000080000000, 0x0000000100000000)
  region size 1024K, 4 young (4096K), 4 survivors (4096K)
 Metaspace       used 106625K, capacity 109937K, committed 110704K, reserved 1144832K
  class space    used 13514K, capacity 14612K, committed 14888K, reserved 1048576K
}
Event: 13.243 GC heap before
{Heap before GC invocations=31 (full 0):
 garbage-first heap   total 258048K, used 220154K [0x0000000080000000, 0x0000000100000000)
  region size 1024K, 30 young (30720K), 4 survivors (4096K)
 Metaspace       used 110095K, capacity 113562K, committed 113904K, reserved 1148928K
  class space    used 14021K, capacity 15190K, committed 15272K, reserved 1048576K
}
Event: 13.248 GC heap after
{Heap after GC invocations=32 (full 0):
 garbage-first heap   total 258048K, used 195284K [0x0000000080000000, 0x0000000100000000)
  region size 1024K, 2 young (2048K), 2 survivors (2048K)
 Metaspace       used 110095K, capacity 113562K, committed 113904K, reserved 1148928K
  class space    used 14021K, capacity 15190K, committed 15272K, reserved 1048576K
}
Event: 13.448 GC heap before
{Heap before GC invocations=32 (full 0):
 garbage-first heap   total 258048K, used 220884K [0x0000000080000000, 0x0000000100000000)
  region size 1024K, 28 young (28672K), 2 survivors (2048K)
 Metaspace       used 110676K, capacity 114209K, committed 114544K, reserved 1148928K
  class space    used 14095K, capacity 15290K, committed 15400K, reserved 1048576K
}
Event: 13.452 GC heap after
{Heap after GC invocations=33 (full 0):
 garbage-first heap   total 258048K, used 198335K [0x0000000080000000, 0x0000000100000000)
  region size 1024K, 4 young (4096K), 4 survivors (4096K)
 Metaspace       used 110676K, capacity 114209K, committed 114544K, reserved 1148928K
  class space    used 14095K, capacity 15290K, committed 15400K, reserved 1048576K
}
Event: 13.590 GC heap before
{Heap before GC invocations=34 (full 0):
 garbage-first heap   total 258048K, used 222911K [0x0000000080000000, 0x0000000100000000)
  region size 1024K, 28 young (28672K), 4 survivors (4096K)
 Metaspace       used 112403K, capacity 115905K, committed 115952K, reserved 1150976K
  class space    used 14332K, capacity 15514K, committed 15528K, reserved 1048576K
}
Event: 13.595 GC heap after
{Heap after GC invocations=35 (full 0):
 garbage-first heap   total 310272K, used 199201K [0x0000000080000000, 0x0000000100000000)
  region size 1024K, 1 young (1024K), 1 survivors (1024K)
 Metaspace       used 112403K, capacity 115905K, committed 115952K, reserved 1150976K
  class space    used 14332K, capacity 15514K, committed 15528K, reserved 1048576K
}
Event: 13.681 GC heap before
{Heap before GC invocations=35 (full 0):
 garbage-first heap   total 310272K, used 213537K [0x0000000080000000, 0x0000000100000000)
  region size 1024K, 15 young (15360K), 1 survivors (1024K)
 Metaspace       used 113442K, capacity 116929K, committed 117104K, reserved 1150976K
  class space    used 14458K, capacity 15642K, committed 15656K, reserved 1048576K
}
Event: 13.684 GC heap after
{Heap after GC invocations=36 (full 0):
 garbage-first heap   total 310272K, used 199212K [0x0000000080000000, 0x0000000100000000)
  region size 1024K, 1 young (1024K), 1 survivors (1024K)
 Metaspace       used 113442K, capacity 116929K, committed 117104K, reserved 1150976K
  class space    used 14458K, capacity 15642K, committed 15656K, reserved 1048576K
}
Event: 14.013 GC heap before
{Heap before GC invocations=36 (full 0):
 garbage-first heap   total 310272K, used 244268K [0x0000000080000000, 0x0000000100000000)
  region size 1024K, 45 young (46080K), 1 survivors (1024K)
 Metaspace       used 115840K, capacity 119381K, committed 119536K, reserved 1153024K
  class space    used 14738K, capacity 15944K, committed 16040K, reserved 1048576K
}
Event: 14.019 GC heap after
{Heap after GC invocations=37 (full 0):
 garbage-first heap   total 310272K, used 203152K [0x0000000080000000, 0x0000000100000000)
  region size 1024K, 5 young (5120K), 5 survivors (5120K)
 Metaspace       used 115840K, capacity 119381K, committed 119536K, reserved 1153024K
  class space    used 14738K, capacity 15944K, committed 16040K, reserved 1048576K
}
Event: 14.286 GC heap before
{Heap before GC invocations=37 (full 0):
 garbage-first heap   total 310272K, used 247184K [0x0000000080000000, 0x0000000100000000)
  region size 1024K, 49 young (50176K), 5 survivors (5120K)
 Metaspace       used 116030K, capacity 119588K, committed 119792K, reserved 1153024K
  class space    used 14745K, capacity 15948K, committed 16040K, reserved 1048576K
}
Event: 14.294 GC heap after
{Heap after GC invocations=38 (full 0):
 garbage-first heap   total 310272K, used 207174K [0x0000000080000000, 0x0000000100000000)
  region size 1024K, 5 young (5120K), 5 survivors (5120K)
 Metaspace       used 116030K, capacity 119588K, committed 119792K, reserved 1153024K
  class space    used 14745K, capacity 15948K, committed 16040K, reserved 1048576K
}
Event: 14.486 GC heap before
{Heap before GC invocations=39 (full 0):
 garbage-first heap   total 310272K, used 252230K [0x0000000080000000, 0x0000000100000000)
  region size 1024K, 49 young (50176K), 5 survivors (5120K)
 Metaspace       used 116542K, capacity 120312K, committed 120432K, reserved 1153024K
  class space    used 14820K, capacity 16086K, committed 16168K, reserved 1048576K
}
Event: 14.492 GC heap after
{Heap after GC invocations=40 (full 0):
 garbage-first heap   total 310272K, used 210586K [0x0000000080000000, 0x0000000100000000)
  region size 1024K, 4 young (4096K), 4 survivors (4096K)
 Metaspace       used 116542K, capacity 120312K, committed 120432K, reserved 1153024K
  class space    used 14820K, capacity 16086K, committed 16168K, reserved 1048576K
}
Event: 14.554 GC heap before
{Heap before GC invocations=40 (full 0):
 garbage-first heap   total 310272K, used 221850K [0x0000000080000000, 0x0000000100000000)
  region size 1024K, 15 young (15360K), 4 survivors (4096K)
 Metaspace       used 116553K, capacity 120312K, committed 120432K, reserved 1153024K
  class space    used 14820K, capacity 16086K, committed 16168K, reserved 1048576K
}
Event: 14.560 GC heap after
{Heap after GC invocations=41 (full 0):
 garbage-first heap   total 310272K, used 209937K [0x0000000080000000, 0x0000000100000000)
  region size 1024K, 2 young (2048K), 2 survivors (2048K)
 Metaspace       used 116553K, capacity 120312K, committed 120432K, reserved 1153024K
  class space    used 14820K, capacity 16086K, committed 16168K, reserved 1048576K
}
Event: 14.725 GC heap before
{Heap before GC invocations=41 (full 0):
 garbage-first heap   total 310272K, used 254993K [0x0000000080000000, 0x0000000100000000)
  region size 1024K, 46 young (47104K), 2 survivors (2048K)
 Metaspace       used 116619K, capacity 120409K, committed 120688K, reserved 1155072K
  class space    used 14823K, capacity 16092K, committed 16168K, reserved 1048576K
}

