# JRE version: OpenJDK Runtime Environment (11.0.11+9) (build 11.0.11+9-b60-7590822)
# Java VM: OpenJDK 64-Bit Server VM (11.0.11+9-b60-7590822, mixed mode, tiered, compressed oops, g1 gc, windows-amd64)
Heap:
 garbage-first heap   total 372736K, used 216829K [0x0000000080000000, 0x0000000100000000)
  region size 1024K, 5 young (5120K), 5 survivors (5120K)
 Metaspace       used 116676K, capacity 120473K, committed 120740K, reserved 1155072K
  class space    used 14820K, capacity 16092K, committed 16220K, reserved 1048576K
GC Heap History (20 events):
Event: 12.213 GC heap after
{Heap after GC invocations=29 (full 0):
 garbage-first heap   total 310272K, used 191859K [0x0000000080000000, 0x0000000100000000)
  region size 1024K, 6 young (6144K), 6 survivors (6144K)
 Metaspace       used 106282K, capacity 109722K, committed 109860K, reserved 1144832K
  class space    used 13573K, capacity 14763K, committed 14812K, reserved 1048576K
}
Event: 12.533 GC heap before
{Heap before GC invocations=30 (full 0):
 garbage-first heap   total 310272K, used 244083K [0x0000000080000000, 0x0000000100000000)
  region size 1024K, 58 young (59392K), 6 survivors (6144K)
 Metaspace       used 106887K, capacity 110411K, committed 110756K, reserved 1144832K
  class space    used 13616K, capacity 14806K, committed 14940K, reserved 1048576K
}
Event: 12.540 GC heap after
{Heap after GC invocations=31 (full 0):
 garbage-first heap   total 310272K, used 196072K [0x0000000080000000, 0x0000000100000000)
  region size 1024K, 7 young (7168K), 7 survivors (7168K)
 Metaspace       used 106887K, capacity 110411K, committed 110756K, reserved 1144832K
  class space    used 13616K, capacity 14806K, committed 14940K, reserved 1048576K
}
Event: 12.592 GC heap before
{Heap before GC invocations=31 (full 0):
 garbage-first heap   total 310272K, used 203240K [0x0000000080000000, 0x0000000100000000)
  region size 1024K, 15 young (15360K), 7 survivors (7168K)
 Metaspace       used 106934K, capacity 110414K, committed 110756K, reserved 1144832K
  class space    used 13616K, capacity 14806K, committed 14940K, reserved 1048576K
}
Event: 12.598 GC heap after
{Heap after GC invocations=32 (full 0):
 garbage-first heap   total 310272K, used 195997K [0x0000000080000000, 0x0000000100000000)
  region size 1024K, 2 young (2048K), 2 survivors (2048K)
 Metaspace       used 106934K, capacity 110414K, committed 110756K, reserved 1144832K
  class space    used 13616K, capacity 14806K, committed 14940K, reserved 1048576K
}
Event: 12.906 GC heap before
{Heap before GC invocations=32 (full 0):
 garbage-first heap   total 310272K, used 249245K [0x0000000080000000, 0x0000000100000000)
  region size 1024K, 55 young (56320K), 2 survivors (2048K)
 Metaspace       used 110926K, capacity 114597K, committed 114724K, reserved 1148928K
  class space    used 14190K, capacity 15454K, committed 15580K, reserved 1048576K
}
Event: 12.911 GC heap after
{Heap after GC invocations=33 (full 0):
 garbage-first heap   total 310272K, used 200273K [0x0000000080000000, 0x0000000100000000)
  region size 1024K, 6 young (6144K), 6 survivors (6144K)
 Metaspace       used 110926K, capacity 114597K, committed 114724K, reserved 1148928K
  class space    used 14190K, capacity 15454K, committed 15580K, reserved 1048576K
}
Event: 13.256 GC heap before
{Heap before GC invocations=34 (full 0):
 garbage-first heap   total 310272K, used 253521K [0x0000000080000000, 0x0000000100000000)
  region size 1024K, 58 young (59392K), 6 survivors (6144K)
 Metaspace       used 114283K, capacity 117738K, committed 118564K, reserved 1153024K
  class space    used 14569K, capacity 15770K, committed 16092K, reserved 1048576K
}
Event: 13.261 GC heap after
{Heap after GC invocations=35 (full 0):
 garbage-first heap   total 310272K, used 201665K [0x0000000080000000, 0x0000000100000000)
  region size 1024K, 2 young (2048K), 2 survivors (2048K)
 Metaspace       used 114283K, capacity 117738K, committed 118564K, reserved 1153024K
  class space    used 14569K, capacity 15770K, committed 16092K, reserved 1048576K
}
Event: 13.368 GC heap before
{Heap before GC invocations=35 (full 0):
 garbage-first heap   total 310272K, used 214977K [0x0000000080000000, 0x0000000100000000)
  region size 1024K, 15 young (15360K), 2 survivors (2048K)
 Metaspace       used 115112K, capacity 118570K, committed 119332K, reserved 1153024K
  class space    used 14646K, capacity 15834K, committed 16092K, reserved 1048576K
}
Event: 13.373 GC heap after
{Heap after GC invocations=36 (full 0):
 garbage-first heap   total 310272K, used 200508K [0x0000000080000000, 0x0000000100000000)
  region size 1024K, 2 young (2048K), 2 survivors (2048K)
 Metaspace       used 115112K, capacity 118570K, committed 119332K, reserved 1153024K
  class space    used 14646K, capacity 15834K, committed 16092K, reserved 1048576K
}
Event: 13.676 GC heap before
{Heap before GC invocations=36 (full 0):
 garbage-first heap   total 310272K, used 254780K [0x0000000080000000, 0x0000000100000000)
  region size 1024K, 56 young (57344K), 2 survivors (2048K)
 Metaspace       used 115977K, capacity 119497K, committed 120228K, reserved 1153024K
  class space    used 14742K, capacity 15947K, committed 16220K, reserved 1048576K
}
Event: 13.683 GC heap after
{Heap after GC invocations=37 (full 0):
 garbage-first heap   total 310272K, used 205569K [0x0000000080000000, 0x0000000100000000)
  region size 1024K, 7 young (7168K), 7 survivors (7168K)
 Metaspace       used 115977K, capacity 119497K, committed 120228K, reserved 1153024K
  class space    used 14742K, capacity 15947K, committed 16220K, reserved 1048576K
}
Event: 13.956 GC heap before
{Heap before GC invocations=38 (full 0):
 garbage-first heap   total 310272K, used 258817K [0x0000000080000000, 0x0000000100000000)
  region size 1024K, 59 young (60416K), 7 survivors (7168K)
 Metaspace       used 116526K, capacity 120288K, committed 120484K, reserved 1153024K
  class space    used 14817K, capacity 16086K, committed 16220K, reserved 1048576K
}
Event: 13.963 GC heap after
{Heap after GC invocations=39 (full 0):
 garbage-first heap   total 310272K, used 209602K [0x0000000080000000, 0x0000000100000000)
  region size 1024K, 5 young (5120K), 5 survivors (5120K)
 Metaspace       used 116526K, capacity 120288K, committed 120484K, reserved 1153024K
  class space    used 14817K, capacity 16086K, committed 16220K, reserved 1048576K
}
Event: 14.010 GC heap before
{Heap before GC invocations=39 (full 0):
 garbage-first heap   total 310272K, used 219842K [0x0000000080000000, 0x0000000100000000)
  region size 1024K, 15 young (15360K), 5 survivors (5120K)
 Metaspace       used 116539K, capacity 120288K, committed 120484K, reserved 1153024K
  class space    used 14817K, capacity 16086K, committed 16220K, reserved 1048576K
}
Event: 14.016 GC heap after
{Heap after GC invocations=40 (full 0):
 garbage-first heap   total 310272K, used 209225K [0x0000000080000000, 0x0000000100000000)
  region size 1024K, 2 young (2048K), 2 survivors (2048K)
 Metaspace       used 116539K, capacity 120288K, committed 120484K, reserved 1153024K
  class space    used 14817K, capacity 16086K, committed 16220K, reserved 1048576K
}
Event: 14.197 GC heap before
{Heap before GC invocations=40 (full 0):
 garbage-first heap   total 310272K, used 261449K [0x0000000080000000, 0x0000000100000000)
  region size 1024K, 53 young (54272K), 2 survivors (2048K)
 Metaspace       used 116611K, capacity 120457K, committed 120740K, reserved 1155072K
  class space    used 14820K, capacity 16092K, committed 16220K, reserved 1048576K
}
Event: 14.202 GC heap after
{Heap after GC invocations=41 (full 0):
 garbage-first heap   total 310272K, used 212981K [0x0000000080000000, 0x0000000100000000)
  region size 1024K, 5 young (5120K), 5 survivors (5120K)
 Metaspace       used 116611K, capacity 120457K, committed 120740K, reserved 1155072K
  class space    used 14820K, capacity 16092K, committed 16220K, reserved 1048576K
}
Event: 14.435 GC heap before
{Heap before GC invocations=41 (full 0):
 garbage-first heap   total 310272K, used 263157K [0x0000000080000000, 0x0000000100000000)
  region size 1024K, 54 young (55296K), 5 survivors (5120K)
 Metaspace       used 116676K, capacity 120473K, committed 120740K, reserved 1155072K
  class space    used 14820K, capacity 16092K, committed 16220K, reserved 1048576K
}

